0 info it worked if it ends with ok
1 verbose cli [ '/usr/local/Cellar/node/6.2.2/bin/node',
1 verbose cli   '/usr/local/bin/npm',
1 verbose cli   'run',
1 verbose cli   'gulp' ]
2 info using npm@3.9.6
3 info using node@v6.2.2
4 verbose run-script [ 'pregulp', 'gulp', 'postgulp' ]
5 info lifecycle gulp-basics@0.0.1~pregulp: gulp-basics@0.0.1
6 silly lifecycle gulp-basics@0.0.1~pregulp: no script for pregulp, continuing
7 info lifecycle gulp-basics@0.0.1~gulp: gulp-basics@0.0.1
8 verbose lifecycle gulp-basics@0.0.1~gulp: unsafe-perm in lifecycle true
9 verbose lifecycle gulp-basics@0.0.1~gulp: PATH: /usr/local/lib/node_modules/npm/bin/node-gyp-bin:/Users/user/Development/homeworks/gulp-basics/node_modules/.bin:/usr/local/Cellar/node/6.2.2/bin:/usr/local/bin:/usr/bin:/bin:/usr/sbin:/sbin
10 verbose lifecycle gulp-basics@0.0.1~gulp: CWD: /Users/user/Development/homeworks/gulp-basics
11 silly lifecycle gulp-basics@0.0.1~gulp: Args: [ '-c', 'gulp' ]
12 silly lifecycle gulp-basics@0.0.1~gulp: Returned: code: 1  signal: null
13 info lifecycle gulp-basics@0.0.1~gulp: Failed to exec gulp script
14 verbose stack Error: gulp-basics@0.0.1 gulp: `gulp`
14 verbose stack Exit status 1
14 verbose stack     at EventEmitter.<anonymous> (/usr/local/lib/node_modules/npm/lib/utils/lifecycle.js:245:16)
14 verbose stack     at emitTwo (events.js:106:13)
14 verbose stack     at EventEmitter.emit (events.js:191:7)
14 verbose stack     at ChildProcess.<anonymous> (/usr/local/lib/node_modules/npm/lib/utils/spawn.js:24:14)
14 verbose stack     at emitTwo (events.js:106:13)
14 verbose stack     at ChildProcess.emit (events.js:191:7)
14 verbose stack     at maybeClose (internal/child_process.js:852:16)
14 verbose stack     at Process.ChildProcess._handle.onexit (internal/child_process.js:215:5)
15 verbose pkgid gulp-basics@0.0.1
16 verbose cwd /Users/user/Development/homeworks/gulp-basics
17 error Darwin 15.5.0
18 error argv "/usr/local/Cellar/node/6.2.2/bin/node" "/usr/local/bin/npm" "run" "gulp"
19 error node v6.2.2
20 error npm  v3.9.6
21 error code ELIFECYCLE
22 error gulp-basics@0.0.1 gulp: `gulp`
22 error Exit status 1
23 error Failed at the gulp-basics@0.0.1 gulp script 'gulp'.
23 error Make sure you have the latest version of node.js and npm installed.
23 error If you do, this is most likely a problem with the gulp-basics package,
23 error not with npm itself.
23 error Tell the author that this fails on your system:
23 error     gulp
23 error You can get information on how to open an issue for this project with:
23 error     npm bugs gulp-basics
23 error Or if that isn't available, you can get their info via:
23 error     npm owner ls gulp-basics
23 error There is likely additional logging output above.
24 verbose exit [ 1, true ]
